-- The C compiler identification is GNU 11.4.0
-- The CXX compiler identification is GNU 11.4.0
-- Detecting C compiler ABI info
-- Detecting C compiler ABI info - done
-- Check for working C compiler: /usr/bin/cc - skipped
-- Detecting C compile features
-- Detecting C compile features - done
-- Detecting CXX compiler ABI info
-- Detecting CXX compiler ABI info - done
-- Check for working CXX compiler: /usr/bin/c++ - skipped
-- Detecting CXX compile features
-- Detecting CXX compile features - done
-- Found ament_cmake: 1.3.8 (/opt/ros/humble/share/ament_cmake/cmake)
-- Found Python3: /usr/bin/python3 (found version "3.10.12") found components: Interpreter 
-- Found rclcpp: 16.0.8 (/opt/ros/humble/share/rclcpp/cmake)
-- Found rosidl_generator_c: 3.1.5 (/opt/ros/humble/share/rosidl_generator_c/cmake)
-- Found rosidl_adapter: 3.1.5 (/opt/ros/humble/share/rosidl_adapter/cmake)
-- Found rosidl_generator_cpp: 3.1.5 (/opt/ros/humble/share/rosidl_generator_cpp/cmake)
-- Using all available rosidl_typesupport_c: rosidl_typesupport_fastrtps_c;rosidl_typesupport_introspection_c
-- Using all available rosidl_typesupport_cpp: rosidl_typesupport_fastrtps_cpp;rosidl_typesupport_introspection_cpp
-- Found rmw_implementation_cmake: 6.1.1 (/opt/ros/humble/share/rmw_implementation_cmake/cmake)
-- Found rmw_fastrtps_cpp: 6.2.6 (/opt/ros/humble/share/rmw_fastrtps_cpp/cmake)
-- Found OpenSSL: /usr/lib/x86_64-linux-gnu/libcrypto.so (found version "3.0.2")  
-- Found FastRTPS: /opt/ros/humble/include  
-- Using RMW implementation 'rmw_fastrtps_cpp' as default
-- Looking for pthread.h
-- Looking for pthread.h - found
-- Performing Test CMAKE_HAVE_LIBC_PTHREAD
-- Performing Test CMAKE_HAVE_LIBC_PTHREAD - Success
-- Found Threads: TRUE  
-- Found sensor_msgs: 4.2.3 (/opt/ros/humble/share/sensor_msgs/cmake)
-- Found example_interfaces: 0.9.3 (/opt/ros/humble/share/example_interfaces/cmake)
-- Configuring done
-- Generating done
-- Build files have been written to: /home/migueloteo/Desktop/Software-Development/28-SDfR-FinalProject/sdfr_ws/build/ros2_introduction
[ 50%] [32mBuilding CXX object CMakeFiles/brightness_detection.dir/src/brightness_detection.cpp.o[0m
[100%] [32m[1mLinking CXX executable brightness_detection[0m
/usr/bin/ld: CMakeFiles/brightness_detection.dir/src/brightness_detection.cpp.o: in function `BrightnessDetection::image_callback(std::shared_ptr<sensor_msgs::msg::Image_<std::allocator<void> > const>)':
brightness_detection.cpp:(.text+0x6e9): undefined reference to `image_functions::getImageWidth(std::shared_ptr<sensor_msgs::msg::Image_<std::allocator<void> > const>)'
/usr/bin/ld: brightness_detection.cpp:(.text+0x70d): undefined reference to `image_functions::getImageHeight(std::shared_ptr<sensor_msgs::msg::Image_<std::allocator<void> > const>)'
/usr/bin/ld: brightness_detection.cpp:(.text+0x76a): undefined reference to `image_functions::getPixelBrightness(std::shared_ptr<sensor_msgs::msg::Image_<std::allocator<void> > const>, int, int)'
/usr/bin/ld: brightness_detection.cpp:(.text+0x79f): undefined reference to `image_functions::getImageWidth(std::shared_ptr<sensor_msgs::msg::Image_<std::allocator<void> > const>)'
/usr/bin/ld: brightness_detection.cpp:(.text+0x7db): undefined reference to `image_functions::getImageHeight(std::shared_ptr<sensor_msgs::msg::Image_<std::allocator<void> > const>)'
collect2: error: ld returned 1 exit status
gmake[2]: *** [CMakeFiles/brightness_detection.dir/build.make:199: brightness_detection] Error 1
gmake[1]: *** [CMakeFiles/Makefile2:137: CMakeFiles/brightness_detection.dir/all] Error 2
gmake: *** [Makefile:146: all] Error 2
