[01m[K/home/migueloteo/Desktop/Software-Development/28-SDfR-FinalProject/sdfr_ws/src/ros2_ball_detection/src/BallDetection.cpp:[m[K In member function â€˜[01m[Kvoid BallDetection::image_callback(sensor_msgs::msg::Image_<std::allocator<void> >::SharedPtr)[m[Kâ€™:
[01m[K/home/migueloteo/Desktop/Software-Development/28-SDfR-FinalProject/sdfr_ws/src/ros2_ball_detection/src/BallDetection.cpp:45:5:[m[K [01;31m[Kerror: [m[Kâ€˜[01m[KCvImagePtr[m[Kâ€™ was not declared in this scope; did you mean â€˜[01m[Kcv_bridge::CvImagePtr[m[Kâ€™?
   45 |     [01;31m[KCvImagePtr[m[K.image = detected_image;
      |     [01;31m[K^~~~~~~~~~[m[K
      |     [32m[Kcv_bridge::CvImagePtr[m[K
In file included from [01m[K/home/migueloteo/Desktop/Software-Development/28-SDfR-FinalProject/sdfr_ws/src/ros2_ball_detection/src/BallDetection.cpp:3[m[K:
[01m[K/opt/ros/humble/include/cv_bridge/cv_bridge/cv_bridge.h:65:34:[m[K [01;36m[Knote: [m[Kâ€˜[01m[Kcv_bridge::CvImagePtr[m[Kâ€™ declared here
   65 | typedef std::shared_ptr<CvImage> [01;36m[KCvImagePtr[m[K;
      |                                  [01;36m[K^~~~~~~~~~[m[K
[01m[K/home/migueloteo/Desktop/Software-Development/28-SDfR-FinalProject/sdfr_ws/src/ros2_ball_detection/src/BallDetection.cpp:[m[K At global scope:
[01m[K/home/migueloteo/Desktop/Software-Development/28-SDfR-FinalProject/sdfr_ws/src/ros2_ball_detection/src/BallDetection.cpp:109:6:[m[K [01;31m[Kerror: [m[Kno declaration matches â€˜[01m[Kvoid BallDetection::publish_debug_image(sensor_msgs::msg::Image_<std::allocator<void> >::SharedPtr)[m[Kâ€™
  109 | void [01;31m[KBallDetection[m[K::publish_debug_image(const sensor_msgs::msg::Image::SharedPtr image)
      |      [01;31m[K^~~~~~~~~~~~~[m[K
In file included from [01m[K/home/migueloteo/Desktop/Software-Development/28-SDfR-FinalProject/sdfr_ws/src/ros2_ball_detection/src/BallDetection.cpp:7[m[K:
[01m[K/home/migueloteo/Desktop/Software-Development/28-SDfR-FinalProject/sdfr_ws/src/ros2_ball_detection/src/../include/ros2_ball_detection/BallDetection.hpp:20:14:[m[K [01;36m[Knote: [m[Kcandidate is: â€˜[01m[Kvoid BallDetection::publish_debug_image(const cv::Mat&)[m[Kâ€™
   20 |         void [01;36m[Kpublish_debug_image[m[K(const cv::Mat& image);
      |              [01;36m[K^~~~~~~~~~~~~~~~~~~[m[K
[01m[K/home/migueloteo/Desktop/Software-Development/28-SDfR-FinalProject/sdfr_ws/src/ros2_ball_detection/src/../include/ros2_ball_detection/BallDetection.hpp:12:7:[m[K [01;36m[Knote: [m[Kâ€˜[01m[Kclass BallDetection[m[Kâ€™ defined here
   12 | class [01;36m[KBallDetection[m[K: public rclcpp::Node
      |       [01;36m[K^~~~~~~~~~~~~[m[K
gmake[2]: *** [CMakeFiles/ball_detection.dir/build.make:76: CMakeFiles/ball_detection.dir/src/BallDetection.cpp.o] Error 1
gmake[1]: *** [CMakeFiles/Makefile2:137: CMakeFiles/ball_detection.dir/all] Error 2
gmake: *** [Makefile:146: all] Error 2
