[0.007s] Invoking command in '/home/migueloteo/Desktop/Software-Development/28-SDfR-FinalProject/sdfr_ws/build/ros2_ball_detection': CMAKE_PREFIX_PATH=/home/migueloteo/Desktop/Software-Development/28-SDfR-FinalProject/sdfr_ws/install/custom_msg:/home/migueloteo/Desktop/Software-Development/28-SDfR-FinalProject/sdfr_ws/install/ros2_introduction:/home/migueloteo/Desktop/Software-Development/28-SDfR-FinalProject/sdfr_ws/install/ros2_ball_detection:/home/migueloteo/Desktop/Software-Development/28-SDfR-FinalProject/sdfr_ws/install/image_functions_sdfr:/opt/ros/humble LD_LIBRARY_PATH=/home/migueloteo/Desktop/Software-Development/28-SDfR-FinalProject/sdfr_ws/install/custom_msg/lib:/home/migueloteo/Desktop/Software-Development/28-SDfR-FinalProject/sdfr_ws/install/image_functions_sdfr/lib:/opt/ros/humble/opt/rviz_ogre_vendor/lib:/opt/ros/humble/lib/x86_64-linux-gnu:/opt/ros/humble/lib /usr/bin/cmake --build /home/migueloteo/Desktop/Software-Development/28-SDfR-FinalProject/sdfr_ws/build/ros2_ball_detection -- -j12 -l12
[0.031s] [35m[1mConsolidate compiler generated dependencies of target ball_detection[0m
[0.042s] [ 50%] [32mBuilding CXX object CMakeFiles/ball_detection.dir/src/BallDetection.cpp.o[0m
[1.641s] [01m[K/home/migueloteo/Desktop/Software-Development/28-SDfR-FinalProject/sdfr_ws/src/ros2_ball_detection/src/BallDetection.cpp:[m[K In member function â€˜[01m[Kvoid BallDetection::image_callback(sensor_msgs::msg::Image_<std::allocator<void> >::SharedPtr)[m[Kâ€™:
[1.641s] [01m[K/home/migueloteo/Desktop/Software-Development/28-SDfR-FinalProject/sdfr_ws/src/ros2_ball_detection/src/BallDetection.cpp:45:5:[m[K [01;31m[Kerror: [m[Kâ€˜[01m[KCvImagePtr[m[Kâ€™ was not declared in this scope; did you mean â€˜[01m[Kcv_bridge::CvImagePtr[m[Kâ€™?
[1.641s]    45 |     [01;31m[KCvImagePtr[m[K.image = detected_image;
[1.641s]       |     [01;31m[K^~~~~~~~~~[m[K
[1.641s]       |     [32m[Kcv_bridge::CvImagePtr[m[K
[1.641s] In file included from [01m[K/home/migueloteo/Desktop/Software-Development/28-SDfR-FinalProject/sdfr_ws/src/ros2_ball_detection/src/BallDetection.cpp:3[m[K:
[1.641s] [01m[K/opt/ros/humble/include/cv_bridge/cv_bridge/cv_bridge.h:65:34:[m[K [01;36m[Knote: [m[Kâ€˜[01m[Kcv_bridge::CvImagePtr[m[Kâ€™ declared here
[1.641s]    65 | typedef std::shared_ptr<CvImage> [01;36m[KCvImagePtr[m[K;
[1.641s]       |                                  [01;36m[K^~~~~~~~~~[m[K
[1.646s] [01m[K/home/migueloteo/Desktop/Software-Development/28-SDfR-FinalProject/sdfr_ws/src/ros2_ball_detection/src/BallDetection.cpp:[m[K At global scope:
[1.646s] [01m[K/home/migueloteo/Desktop/Software-Development/28-SDfR-FinalProject/sdfr_ws/src/ros2_ball_detection/src/BallDetection.cpp:109:6:[m[K [01;31m[Kerror: [m[Kno declaration matches â€˜[01m[Kvoid BallDetection::publish_debug_image(sensor_msgs::msg::Image_<std::allocator<void> >::SharedPtr)[m[Kâ€™
[1.646s]   109 | void [01;31m[KBallDetection[m[K::publish_debug_image(const sensor_msgs::msg::Image::SharedPtr image)
[1.646s]       |      [01;31m[K^~~~~~~~~~~~~[m[K
[1.646s] In file included from [01m[K/home/migueloteo/Desktop/Software-Development/28-SDfR-FinalProject/sdfr_ws/src/ros2_ball_detection/src/BallDetection.cpp:7[m[K:
[1.647s] [01m[K/home/migueloteo/Desktop/Software-Development/28-SDfR-FinalProject/sdfr_ws/src/ros2_ball_detection/src/../include/ros2_ball_detection/BallDetection.hpp:20:14:[m[K [01;36m[Knote: [m[Kcandidate is: â€˜[01m[Kvoid BallDetection::publish_debug_image(const cv::Mat&)[m[Kâ€™
[1.647s]    20 |         void [01;36m[Kpublish_debug_image[m[K(const cv::Mat& image);
[1.647s]       |              [01;36m[K^~~~~~~~~~~~~~~~~~~[m[K
[1.647s] [01m[K/home/migueloteo/Desktop/Software-Development/28-SDfR-FinalProject/sdfr_ws/src/ros2_ball_detection/src/../include/ros2_ball_detection/BallDetection.hpp:12:7:[m[K [01;36m[Knote: [m[Kâ€˜[01m[Kclass BallDetection[m[Kâ€™ defined here
[1.647s]    12 | class [01;36m[KBallDetection[m[K: public rclcpp::Node
[1.647s]       |       [01;36m[K^~~~~~~~~~~~~[m[K
[3.178s] gmake[2]: *** [CMakeFiles/ball_detection.dir/build.make:76: CMakeFiles/ball_detection.dir/src/BallDetection.cpp.o] Error 1
[3.178s] gmake[1]: *** [CMakeFiles/Makefile2:137: CMakeFiles/ball_detection.dir/all] Error 2
[3.178s] gmake: *** [Makefile:146: all] Error 2
[3.180s] Invoked command in '/home/migueloteo/Desktop/Software-Development/28-SDfR-FinalProject/sdfr_ws/build/ros2_ball_detection' returned '2': CMAKE_PREFIX_PATH=/home/migueloteo/Desktop/Software-Development/28-SDfR-FinalProject/sdfr_ws/install/custom_msg:/home/migueloteo/Desktop/Software-Development/28-SDfR-FinalProject/sdfr_ws/install/ros2_introduction:/home/migueloteo/Desktop/Software-Development/28-SDfR-FinalProject/sdfr_ws/install/ros2_ball_detection:/home/migueloteo/Desktop/Software-Development/28-SDfR-FinalProject/sdfr_ws/install/image_functions_sdfr:/opt/ros/humble LD_LIBRARY_PATH=/home/migueloteo/Desktop/Software-Development/28-SDfR-FinalProject/sdfr_ws/install/custom_msg/lib:/home/migueloteo/Desktop/Software-Development/28-SDfR-FinalProject/sdfr_ws/install/image_functions_sdfr/lib:/opt/ros/humble/opt/rviz_ogre_vendor/lib:/opt/ros/humble/lib/x86_64-linux-gnu:/opt/ros/humble/lib /usr/bin/cmake --build /home/migueloteo/Desktop/Software-Development/28-SDfR-FinalProject/sdfr_ws/build/ros2_ball_detection -- -j12 -l12
