[35m[1mConsolidate compiler generated dependencies of target ball_detection[0m
[ 50%] [32mBuilding CXX object CMakeFiles/ball_detection.dir/src/BallDetection.cpp.o[0m
[01m[K/home/migueloteo/Desktop/Software-Development/28-SDfR-FinalProject/sdfr_ws/src/ros2_ball_detection/src/BallDetection.cpp:[m[K In member function â€˜[01m[Kcv::Mat BallDetection::detect_balls(const cv::Mat&)[m[Kâ€™:
[01m[K/home/migueloteo/Desktop/Software-Development/28-SDfR-FinalProject/sdfr_ws/src/ros2_ball_detection/src/BallDetection.cpp:102:20:[m[K [01;31m[Kerror: [m[Kâ€˜[01m[Kusing SharedPtr = class std::shared_ptr<rclcpp::Publisher<custom_msg::msg::BoundingBox_<std::allocator<void> > > >[m[Kâ€™ {aka â€˜[01m[Kclass std::shared_ptr<rclcpp::Publisher<custom_msg::msg::BoundingBox_<std::allocator<void> > > >[m[Kâ€™} has no member named â€˜[01m[Kpublish[m[Kâ€™
  102 |         publisher_.[01;31m[Kpublish[m[K(bounding_box_msg);
      |                    [01;31m[K^~~~~~~[m[K
[01m[K/home/migueloteo/Desktop/Software-Development/28-SDfR-FinalProject/sdfr_ws/src/ros2_ball_detection/src/BallDetection.cpp:[m[K In member function â€˜[01m[Kvoid BallDetection::publish_debug_image(const cv::Mat&)[m[Kâ€™:
[01m[K/home/migueloteo/Desktop/Software-Development/28-SDfR-FinalProject/sdfr_ws/src/ros2_ball_detection/src/BallDetection.cpp:108:56:[m[K [01;35m[Kwarning: [m[Kunused parameter â€˜[01m[Kimage[m[Kâ€™ [[01;35m[K]8;;https://gcc.gnu.org/onlinedocs/gcc/Warning-Options.html#index-Wunused-parameter-Wunused-parameter]8;;[m[K]
  108 | void BallDetection::publish_debug_image([01;35m[Kconst cv::Mat& image[m[K)
      |                                         [01;35m[K~~~~~~~~~~~~~~~^~~~~[m[K
gmake[2]: *** [CMakeFiles/ball_detection.dir/build.make:76: CMakeFiles/ball_detection.dir/src/BallDetection.cpp.o] Error 1
gmake[1]: *** [CMakeFiles/Makefile2:137: CMakeFiles/ball_detection.dir/all] Error 2
gmake: *** [Makefile:146: all] Error 2
