[0.007s] Invoking command in '/home/migueloteo/Desktop/Software-Development/28-SDfR-FinalProject/sdfr_ws/build/ros2_introduction': AMENT_PREFIX_PATH=/home/migueloteo/Desktop/Software-Development/28-SDfR-FinalProject/sdfr_ws/install/image_functions_sdfr:/home/migueloteo/Desktop/Software-Development/28-SDfR-FinalProject/sdfr_ws/install/custom_msg:${AMENT_PREFIX_PATH} CMAKE_PREFIX_PATH=/home/migueloteo/Desktop/Software-Development/28-SDfR-FinalProject/sdfr_ws/install/image_functions_sdfr:/home/migueloteo/Desktop/Software-Development/28-SDfR-FinalProject/sdfr_ws/install/custom_msg:/opt/ros/humble LD_LIBRARY_PATH=/home/migueloteo/Desktop/Software-Development/28-SDfR-FinalProject/sdfr_ws/install/image_functions_sdfr/lib:/home/migueloteo/Desktop/Software-Development/28-SDfR-FinalProject/sdfr_ws/install/custom_msg/lib:${LD_LIBRARY_PATH} PYTHONPATH=/home/migueloteo/Desktop/Software-Development/28-SDfR-FinalProject/sdfr_ws/install/custom_msg/local/lib/python3.10/dist-packages:${PYTHONPATH} /usr/bin/cmake --build /home/migueloteo/Desktop/Software-Development/28-SDfR-FinalProject/sdfr_ws/build/ros2_introduction -- -j12 -l12
[0.033s] [35m[1mConsolidate compiler generated dependencies of target brightness_detection[0m
[0.043s] [ 50%] [32mBuilding CXX object CMakeFiles/brightness_detection.dir/src/brightness_detection.cpp.o[0m
[1.551s] [01m[K/home/migueloteo/Desktop/Software-Development/28-SDfR-FinalProject/sdfr_ws/src/ros2-introduction/src/brightness_detection.cpp:[m[K In member function â€˜[01m[Kvoid BrightnessDetection::image_callback(sensor_msgs::msg::Image_<std::allocator<void> >::ConstSharedPtr)[m[Kâ€™:
[1.551s] [01m[K/home/migueloteo/Desktop/Software-Development/28-SDfR-FinalProject/sdfr_ws/src/ros2-introduction/src/brightness_detection.cpp:51:16:[m[K [01;31m[Kerror: [m[Kâ€˜[01m[Kclass std::unique_ptr<custom_msg::msg::BrightnessStatus_<std::allocator<void> >, std::default_delete<custom_msg::msg::BrightnessStatus_<std::allocator<void> > > >[m[Kâ€™ has no member named â€˜[01m[Kbrightness_status[m[Kâ€™
[1.551s]    51 |     status_msg.[01;31m[Kbrightness_status[m[K = this->brightness_status;
[1.551s]       |                [01;31m[K^~~~~~~~~~~~~~~~~[m[K
[1.551s] [01m[K/home/migueloteo/Desktop/Software-Development/28-SDfR-FinalProject/sdfr_ws/src/ros2-introduction/src/brightness_detection.cpp:51:42:[m[K [01;31m[Kerror: [m[Kâ€˜[01m[Kclass BrightnessDetection[m[Kâ€™ has no member named â€˜[01m[Kbrightness_status[m[Kâ€™
[1.551s]    51 |     status_msg.brightness_status = this->[01;31m[Kbrightness_status[m[K;
[1.551s]       |                                          [01;31m[K^~~~~~~~~~~~~~~~~[m[K
[1.551s] [01m[K/home/migueloteo/Desktop/Software-Development/28-SDfR-FinalProject/sdfr_ws/src/ros2-introduction/src/brightness_detection.cpp:52:16:[m[K [01;31m[Kerror: [m[Kâ€˜[01m[Kclass std::unique_ptr<custom_msg::msg::BrightnessStatus_<std::allocator<void> >, std::default_delete<custom_msg::msg::BrightnessStatus_<std::allocator<void> > > >[m[Kâ€™ has no member named â€˜[01m[Klight_level[m[Kâ€™
[1.551s]    52 |     status_msg.[01;31m[Klight_level[m[K = this->avg_brightness;
[1.551s]       |                [01;31m[K^~~~~~~~~~~[m[K
[1.551s] [01m[K/home/migueloteo/Desktop/Software-Development/28-SDfR-FinalProject/sdfr_ws/src/ros2-introduction/src/brightness_detection.cpp:52:36:[m[K [01;31m[Kerror: [m[Kâ€˜[01m[Kclass BrightnessDetection[m[Kâ€™ has no member named â€˜[01m[Kavg_brightness[m[Kâ€™
[1.551s]    52 |     status_msg.light_level = this->[01;31m[Kavg_brightness[m[K;
[1.551s]       |                                    [01;31m[K^~~~~~~~~~~~~~[m[K
[3.102s] gmake[2]: *** [CMakeFiles/brightness_detection.dir/build.make:76: CMakeFiles/brightness_detection.dir/src/brightness_detection.cpp.o] Error 1
[3.102s] gmake[1]: *** [CMakeFiles/Makefile2:137: CMakeFiles/brightness_detection.dir/all] Error 2
[3.102s] gmake: *** [Makefile:146: all] Error 2
[3.103s] Invoked command in '/home/migueloteo/Desktop/Software-Development/28-SDfR-FinalProject/sdfr_ws/build/ros2_introduction' returned '2': AMENT_PREFIX_PATH=/home/migueloteo/Desktop/Software-Development/28-SDfR-FinalProject/sdfr_ws/install/image_functions_sdfr:/home/migueloteo/Desktop/Software-Development/28-SDfR-FinalProject/sdfr_ws/install/custom_msg:${AMENT_PREFIX_PATH} CMAKE_PREFIX_PATH=/home/migueloteo/Desktop/Software-Development/28-SDfR-FinalProject/sdfr_ws/install/image_functions_sdfr:/home/migueloteo/Desktop/Software-Development/28-SDfR-FinalProject/sdfr_ws/install/custom_msg:/opt/ros/humble LD_LIBRARY_PATH=/home/migueloteo/Desktop/Software-Development/28-SDfR-FinalProject/sdfr_ws/install/image_functions_sdfr/lib:/home/migueloteo/Desktop/Software-Development/28-SDfR-FinalProject/sdfr_ws/install/custom_msg/lib:${LD_LIBRARY_PATH} PYTHONPATH=/home/migueloteo/Desktop/Software-Development/28-SDfR-FinalProject/sdfr_ws/install/custom_msg/local/lib/python3.10/dist-packages:${PYTHONPATH} /usr/bin/cmake --build /home/migueloteo/Desktop/Software-Development/28-SDfR-FinalProject/sdfr_ws/build/ros2_introduction -- -j12 -l12
