[0.009s] Invoking command in '/home/migueloteo/Desktop/Software-Development/28-SDfR-FinalProject/sdfr_ws/build/ros2_ball_detection': CMAKE_PREFIX_PATH=/home/migueloteo/Desktop/Software-Development/28-SDfR-FinalProject/sdfr_ws/install/custom_msg:/home/migueloteo/Desktop/Software-Development/28-SDfR-FinalProject/sdfr_ws/install/ros2_introduction:/home/migueloteo/Desktop/Software-Development/28-SDfR-FinalProject/sdfr_ws/install/ros2_ball_detection:/home/migueloteo/Desktop/Software-Development/28-SDfR-FinalProject/sdfr_ws/install/image_functions_sdfr:/opt/ros/humble LD_LIBRARY_PATH=/home/migueloteo/Desktop/Software-Development/28-SDfR-FinalProject/sdfr_ws/install/custom_msg/lib:/home/migueloteo/Desktop/Software-Development/28-SDfR-FinalProject/sdfr_ws/install/image_functions_sdfr/lib:/opt/ros/humble/opt/rviz_ogre_vendor/lib:/opt/ros/humble/lib/x86_64-linux-gnu:/opt/ros/humble/lib /usr/bin/cmake --build /home/migueloteo/Desktop/Software-Development/28-SDfR-FinalProject/sdfr_ws/build/ros2_ball_detection -- -j12 -l12
[0.043s] [35m[1mConsolidate compiler generated dependencies of target ball_detection[0m
[0.059s] [ 50%] [32mBuilding CXX object CMakeFiles/ball_detection.dir/src/ball_detection.cpp.o[0m
[1.833s] [01m[K/home/migueloteo/Desktop/Software-Development/28-SDfR-FinalProject/sdfr_ws/src/ros2_ball_detection/src/ball_detection.cpp:9:7:[m[K [01;31m[Kerror: [m[Kredefinition of â€˜[01m[Kclass ball_detection[m[Kâ€™
[1.833s]     9 | class [01;31m[Kball_detection[m[K : public rclcpp::Node
[1.833s]       |       [01;31m[K^~~~~~~~~~~~~~[m[K
[1.833s] In file included from [01m[K/home/migueloteo/Desktop/Software-Development/28-SDfR-FinalProject/sdfr_ws/src/ros2_ball_detection/src/ball_detection.cpp:7[m[K:
[1.833s] [01m[K/home/migueloteo/Desktop/Software-Development/28-SDfR-FinalProject/sdfr_ws/src/ros2_ball_detection/src/../include/ros2_ball_detection/ball_detection.hpp:11:7:[m[K [01;36m[Knote: [m[Kprevious definition of â€˜[01m[Kclass ball_detection[m[Kâ€™
[1.833s]    11 | class [01;36m[Kball_detection[m[K: public rclcpp::Node
[1.833s]       |       [01;36m[K^~~~~~~~~~~~~~[m[K
[1.849s] [01m[K/home/migueloteo/Desktop/Software-Development/28-SDfR-FinalProject/sdfr_ws/src/ros2_ball_detection/src/ball_detection.cpp:[m[K In function â€˜[01m[Kint main(int, char**)[m[Kâ€™:
[1.850s] [01m[K/home/migueloteo/Desktop/Software-Development/28-SDfR-FinalProject/sdfr_ws/src/ros2_ball_detection/src/ball_detection.cpp:123:35:[m[K [01;31m[Kerror: [m[Kâ€˜[01m[KBallDetection[m[Kâ€™ was not declared in this scope; did you mean â€˜[01m[Kball_detection[m[Kâ€™?
[1.850s]   123 |     rclcpp::spin(std::make_shared<[01;31m[KBallDetection[m[K>());
[1.850s]       |                                   [01;31m[K^~~~~~~~~~~~~[m[K
[1.850s]       |                                   [32m[Kball_detection[m[K
[1.850s] [01m[K/home/migueloteo/Desktop/Software-Development/28-SDfR-FinalProject/sdfr_ws/src/ros2_ball_detection/src/ball_detection.cpp:123:49:[m[K [01;31m[Kerror: [m[Kno matching function for call to â€˜[01m[Kmake_shared<<expression error> >()[m[Kâ€™
[1.850s]   123 |     rclcpp::spin([01;31m[Kstd::make_shared<BallDetection>()[m[K);
[1.850s]       |                  [01;31m[K~~~~~~~~~~~~~~~~~~~~~~~~~~~~~~~^~[m[K
[1.850s] In file included from [01m[K/usr/include/c++/11/memory:77[m[K,
[1.850s]                  from [01m[K/opt/ros/humble/include/rclcpp/rclcpp/rclcpp.hpp:153[m[K,
[1.850s]                  from [01m[K/home/migueloteo/Desktop/Software-Development/28-SDfR-FinalProject/sdfr_ws/src/ros2_ball_detection/src/ball_detection.cpp:1[m[K:
[1.850s] [01m[K/usr/include/c++/11/bits/shared_ptr.h:875:5:[m[K [01;36m[Knote: [m[Kcandidate: â€˜[01m[Ktemplate<class _Tp, class ... _Args> std::shared_ptr<_Tp> std::make_shared(_Args&& ...)[m[Kâ€™
[1.850s]   875 |     [01;36m[Kmake_shared[m[K(_Args&&... __args)
[1.850s]       |     [01;36m[K^~~~~~~~~~~[m[K
[1.850s] [01m[K/usr/include/c++/11/bits/shared_ptr.h:875:5:[m[K [01;36m[Knote: [m[K  template argument deduction/substitution failed:
[1.850s] [01m[K/home/migueloteo/Desktop/Software-Development/28-SDfR-FinalProject/sdfr_ws/src/ros2_ball_detection/src/ball_detection.cpp:123:49:[m[K [01;31m[Kerror: [m[Ktemplate argument 1 is invalid
[1.850s]   123 |     rclcpp::spin([01;31m[Kstd::make_shared<BallDetection>()[m[K);
[1.850s]       |                  [01;31m[K~~~~~~~~~~~~~~~~~~~~~~~~~~~~~~~^~[m[K
[3.455s] gmake[2]: *** [CMakeFiles/ball_detection.dir/build.make:76: CMakeFiles/ball_detection.dir/src/ball_detection.cpp.o] Error 1
[3.456s] gmake[1]: *** [CMakeFiles/Makefile2:137: CMakeFiles/ball_detection.dir/all] Error 2
[3.456s] gmake: *** [Makefile:146: all] Error 2
[3.458s] Invoked command in '/home/migueloteo/Desktop/Software-Development/28-SDfR-FinalProject/sdfr_ws/build/ros2_ball_detection' returned '2': CMAKE_PREFIX_PATH=/home/migueloteo/Desktop/Software-Development/28-SDfR-FinalProject/sdfr_ws/install/custom_msg:/home/migueloteo/Desktop/Software-Development/28-SDfR-FinalProject/sdfr_ws/install/ros2_introduction:/home/migueloteo/Desktop/Software-Development/28-SDfR-FinalProject/sdfr_ws/install/ros2_ball_detection:/home/migueloteo/Desktop/Software-Development/28-SDfR-FinalProject/sdfr_ws/install/image_functions_sdfr:/opt/ros/humble LD_LIBRARY_PATH=/home/migueloteo/Desktop/Software-Development/28-SDfR-FinalProject/sdfr_ws/install/custom_msg/lib:/home/migueloteo/Desktop/Software-Development/28-SDfR-FinalProject/sdfr_ws/install/image_functions_sdfr/lib:/opt/ros/humble/opt/rviz_ogre_vendor/lib:/opt/ros/humble/lib/x86_64-linux-gnu:/opt/ros/humble/lib /usr/bin/cmake --build /home/migueloteo/Desktop/Software-Development/28-SDfR-FinalProject/sdfr_ws/build/ros2_ball_detection -- -j12 -l12
