[0.007s] Invoking command in '/home/migueloteo/Desktop/Software-Development/28-SDfR-FinalProject/sdfr_ws/build/ros2_introduction': CMAKE_PREFIX_PATH=/home/migueloteo/Desktop/Software-Development/28-SDfR-FinalProject/sdfr_ws/install/image_functions_sdfr:/home/migueloteo/Desktop/Software-Development/28-SDfR-FinalProject/sdfr_ws/install/custom_msg:/home/migueloteo/Desktop/Software-Development/28-SDfR-FinalProject/sdfr_ws/install/ros2_introduction:/home/migueloteo/Desktop/Software-Development/28-SDfR-FinalProject/sdfr_ws/install/ros2_ball_detection:/opt/ros/humble /usr/bin/cmake --build /home/migueloteo/Desktop/Software-Development/28-SDfR-FinalProject/sdfr_ws/build/ros2_introduction -- -j12 -l12
[0.036s] [35m[1mConsolidate compiler generated dependencies of target brightness_detection[0m
[0.046s] [ 50%] [32mBuilding CXX object CMakeFiles/brightness_detection.dir/src/brightness_detection.cpp.o[0m
[1.574s] [01m[K/home/migueloteo/Desktop/Software-Development/28-SDfR-FinalProject/sdfr_ws/src/ros2-introduction/src/brightness_detection.cpp:[m[K In member function â€˜[01m[Kvoid BrightnessDetection::image_callback(sensor_msgs::msg::Image_<std::allocator<void> >::ConstSharedPtr)[m[Kâ€™:
[1.574s] [01m[K/home/migueloteo/Desktop/Software-Development/28-SDfR-FinalProject/sdfr_ws/src/ros2-introduction/src/brightness_detection.cpp:51:16:[m[K [01;31m[Kerror: [m[Kâ€˜[01m[Kclass std::unique_ptr<custom_msg::msg::BrightnessStatus_<std::allocator<void> >, std::default_delete<custom_msg::msg::BrightnessStatus_<std::allocator<void> > > >[m[Kâ€™ has no member named â€˜[01m[Kbrightness_status[m[Kâ€™
[1.574s]    51 |     status_msg.[01;31m[Kbrightness_status[m[K = brightness_status;
[1.574s]       |                [01;31m[K^~~~~~~~~~~~~~~~~[m[K
[1.574s] [01m[K/home/migueloteo/Desktop/Software-Development/28-SDfR-FinalProject/sdfr_ws/src/ros2-introduction/src/brightness_detection.cpp:52:16:[m[K [01;31m[Kerror: [m[Kâ€˜[01m[Kclass std::unique_ptr<custom_msg::msg::BrightnessStatus_<std::allocator<void> >, std::default_delete<custom_msg::msg::BrightnessStatus_<std::allocator<void> > > >[m[Kâ€™ has no member named â€˜[01m[Klight_level[m[Kâ€™
[1.574s]    52 |     status_msg.[01;31m[Klight_level[m[K = avg_brightness;
[1.574s]       |                [01;31m[K^~~~~~~~~~~[m[K
[3.127s] gmake[2]: *** [CMakeFiles/brightness_detection.dir/build.make:76: CMakeFiles/brightness_detection.dir/src/brightness_detection.cpp.o] Error 1
[3.127s] gmake[1]: *** [CMakeFiles/Makefile2:137: CMakeFiles/brightness_detection.dir/all] Error 2
[3.127s] gmake: *** [Makefile:146: all] Error 2
[3.130s] Invoked command in '/home/migueloteo/Desktop/Software-Development/28-SDfR-FinalProject/sdfr_ws/build/ros2_introduction' returned '2': CMAKE_PREFIX_PATH=/home/migueloteo/Desktop/Software-Development/28-SDfR-FinalProject/sdfr_ws/install/image_functions_sdfr:/home/migueloteo/Desktop/Software-Development/28-SDfR-FinalProject/sdfr_ws/install/custom_msg:/home/migueloteo/Desktop/Software-Development/28-SDfR-FinalProject/sdfr_ws/install/ros2_introduction:/home/migueloteo/Desktop/Software-Development/28-SDfR-FinalProject/sdfr_ws/install/ros2_ball_detection:/opt/ros/humble /usr/bin/cmake --build /home/migueloteo/Desktop/Software-Development/28-SDfR-FinalProject/sdfr_ws/build/ros2_introduction -- -j12 -l12
