[35m[1mConsolidate compiler generated dependencies of target brightness_detection[0m
[ 50%] [32mBuilding CXX object CMakeFiles/brightness_detection.dir/src/brightness_detection.cpp.o[0m
In file included from [01m[K/home/migueloteo/Desktop/Software-Development/28-SDfR-FinalProject/sdfr_ws/src/ros2-introduction/src/brightness_detection.cpp:1[m[K:
[01m[K/home/migueloteo/Desktop/Software-Development/28-SDfR-FinalProject/sdfr_ws/src/ros2-introduction/src/../include/ros2_introduction/brightness_detection.hpp:32:23:[m[K [01;31m[Kerror: [m[Kâ€˜[01m[Kcustom_msg[m[Kâ€™ was not declared in this scope
   32 |     rclcpp::Publisher<[01;31m[Kcustom_msg[m[K::msg::BrightnessStatus>::SharedPtr brightness_status_publisher_;
      |                       [01;31m[K^~~~~~~~~~[m[K
[01m[K/home/migueloteo/Desktop/Software-Development/28-SDfR-FinalProject/sdfr_ws/src/ros2-introduction/src/../include/ros2_introduction/brightness_detection.hpp:32:56:[m[K [01;31m[Kerror: [m[Ktemplate argument 1 is invalid
   32 |     rclcpp::Publisher<custom_msg::msg::BrightnessStatus[01;31m[K>[m[K::SharedPtr brightness_status_publisher_;
      |                                                        [01;31m[K^[m[K
[01m[K/home/migueloteo/Desktop/Software-Development/28-SDfR-FinalProject/sdfr_ws/src/ros2-introduction/src/../include/ros2_introduction/brightness_detection.hpp:32:59:[m[K [01;31m[Kerror: [m[Kexpected â€˜[01m[K;[m[Kâ€™ at end of member declaration
   32 |     rclcpp::Publisher<custom_msg::msg::BrightnessStatus>::[01;31m[KSharedPtr[m[K brightness_status_publisher_;
      |                                                           [01;31m[K^~~~~~~~~[m[K
      |                                                                    [32m[K;[m[K
[01m[K/home/migueloteo/Desktop/Software-Development/28-SDfR-FinalProject/sdfr_ws/src/ros2-introduction/src/../include/ros2_introduction/brightness_detection.hpp:32:69:[m[K [01;31m[Kerror: [m[Kâ€˜[01m[Kbrightness_status_publisher_[m[Kâ€™ does not name a type
   32 |     rclcpp::Publisher<custom_msg::msg::BrightnessStatus>::SharedPtr [01;31m[Kbrightness_status_publisher_[m[K;
      |                                                                     [01;31m[K^~~~~~~~~~~~~~~~~~~~~~~~~~~~[m[K
[01m[K/home/migueloteo/Desktop/Software-Development/28-SDfR-FinalProject/sdfr_ws/src/ros2-introduction/src/brightness_detection.cpp:[m[K In constructor â€˜[01m[KBrightnessDetection::BrightnessDetection()[m[Kâ€™:
[01m[K/home/migueloteo/Desktop/Software-Development/28-SDfR-FinalProject/sdfr_ws/src/ros2-introduction/src/brightness_detection.cpp:22:5:[m[K [01;31m[Kerror: [m[Kâ€˜[01m[Kbrightness_status_publisher_[m[Kâ€™ was not declared in this scope
   22 |     [01;31m[Kbrightness_status_publisher_[m[K = this->create_publisher<custom_msg::msg::BrightnessStatus>
      |     [01;31m[K^~~~~~~~~~~~~~~~~~~~~~~~~~~~[m[K
[01m[K/home/migueloteo/Desktop/Software-Development/28-SDfR-FinalProject/sdfr_ws/src/ros2-introduction/src/brightness_detection.cpp:[m[K In member function â€˜[01m[Kvoid BrightnessDetection::image_callback(sensor_msgs::msg::Image_<std::allocator<void> >::ConstSharedPtr)[m[Kâ€™:
[01m[K/home/migueloteo/Desktop/Software-Development/28-SDfR-FinalProject/sdfr_ws/src/ros2-introduction/src/brightness_detection.cpp:52:5:[m[K [01;31m[Kerror: [m[Kâ€˜[01m[Kbrightness_status_publisher_[m[Kâ€™ was not declared in this scope
   52 |     [01;31m[Kbrightness_status_publisher_[m[K->publish(std::move(status_msg)); // Publish the String message
      |     [01;31m[K^~~~~~~~~~~~~~~~~~~~~~~~~~~~[m[K
gmake[2]: *** [CMakeFiles/brightness_detection.dir/build.make:76: CMakeFiles/brightness_detection.dir/src/brightness_detection.cpp.o] Error 1
gmake[1]: *** [CMakeFiles/Makefile2:137: CMakeFiles/brightness_detection.dir/all] Error 2
gmake: *** [Makefile:146: all] Error 2
