[0.009s] Invoking command in '/home/migueloteo/Desktop/Software-Development/28-SDfR-FinalProject/sdfr_ws/build/ros2_introduction': CMAKE_PREFIX_PATH=/home/migueloteo/Desktop/Software-Development/28-SDfR-FinalProject/sdfr_ws/install/image_functions_sdfr:/home/migueloteo/Desktop/Software-Development/28-SDfR-FinalProject/sdfr_ws/install/custom_msg:/home/migueloteo/Desktop/Software-Development/28-SDfR-FinalProject/sdfr_ws/install/ros2_introduction:/home/migueloteo/Desktop/Software-Development/28-SDfR-FinalProject/sdfr_ws/install/ros2_ball_detection:/opt/ros/humble /usr/bin/cmake --build /home/migueloteo/Desktop/Software-Development/28-SDfR-FinalProject/sdfr_ws/build/ros2_introduction -- -j12 -l12
[0.035s] [35m[1mConsolidate compiler generated dependencies of target brightness_detection[0m
[0.045s] [ 50%] [32mBuilding CXX object CMakeFiles/brightness_detection.dir/src/brightness_detection.cpp.o[0m
[1.544s] In file included from [01m[K/home/migueloteo/Desktop/Software-Development/28-SDfR-FinalProject/sdfr_ws/src/ros2-introduction/src/brightness_detection.cpp:1[m[K:
[1.544s] [01m[K/home/migueloteo/Desktop/Software-Development/28-SDfR-FinalProject/sdfr_ws/src/ros2-introduction/src/../include/ros2_introduction/brightness_detection.hpp:32:23:[m[K [01;31m[Kerror: [m[Kâ€˜[01m[Kcustom_msg[m[Kâ€™ was not declared in this scope
[1.544s]    32 |     rclcpp::Publisher<[01;31m[Kcustom_msg[m[K::msg::BrightnessStatus>::SharedPtr brightness_status_publisher_;
[1.544s]       |                       [01;31m[K^~~~~~~~~~[m[K
[1.544s] [01m[K/home/migueloteo/Desktop/Software-Development/28-SDfR-FinalProject/sdfr_ws/src/ros2-introduction/src/../include/ros2_introduction/brightness_detection.hpp:32:56:[m[K [01;31m[Kerror: [m[Ktemplate argument 1 is invalid
[1.544s]    32 |     rclcpp::Publisher<custom_msg::msg::BrightnessStatus[01;31m[K>[m[K::SharedPtr brightness_status_publisher_;
[1.544s]       |                                                        [01;31m[K^[m[K
[1.544s] [01m[K/home/migueloteo/Desktop/Software-Development/28-SDfR-FinalProject/sdfr_ws/src/ros2-introduction/src/../include/ros2_introduction/brightness_detection.hpp:32:59:[m[K [01;31m[Kerror: [m[Kexpected â€˜[01m[K;[m[Kâ€™ at end of member declaration
[1.544s]    32 |     rclcpp::Publisher<custom_msg::msg::BrightnessStatus>::[01;31m[KSharedPtr[m[K brightness_status_publisher_;
[1.544s]       |                                                           [01;31m[K^~~~~~~~~[m[K
[1.544s]       |                                                                    [32m[K;[m[K
[1.546s] [01m[K/home/migueloteo/Desktop/Software-Development/28-SDfR-FinalProject/sdfr_ws/src/ros2-introduction/src/../include/ros2_introduction/brightness_detection.hpp:32:69:[m[K [01;31m[Kerror: [m[Kâ€˜[01m[Kbrightness_status_publisher_[m[Kâ€™ does not name a type
[1.546s]    32 |     rclcpp::Publisher<custom_msg::msg::BrightnessStatus>::SharedPtr [01;31m[Kbrightness_status_publisher_[m[K;
[1.546s]       |                                                                     [01;31m[K^~~~~~~~~~~~~~~~~~~~~~~~~~~~[m[K
[1.566s] [01m[K/home/migueloteo/Desktop/Software-Development/28-SDfR-FinalProject/sdfr_ws/src/ros2-introduction/src/brightness_detection.cpp:[m[K In constructor â€˜[01m[KBrightnessDetection::BrightnessDetection()[m[Kâ€™:
[1.566s] [01m[K/home/migueloteo/Desktop/Software-Development/28-SDfR-FinalProject/sdfr_ws/src/ros2-introduction/src/brightness_detection.cpp:22:5:[m[K [01;31m[Kerror: [m[Kâ€˜[01m[Kbrightness_status_publisher_[m[Kâ€™ was not declared in this scope
[1.566s]    22 |     [01;31m[Kbrightness_status_publisher_[m[K = this->create_publisher<custom_msg::msg::BrightnessStatus>
[1.566s]       |     [01;31m[K^~~~~~~~~~~~~~~~~~~~~~~~~~~~[m[K
[1.585s] [01m[K/home/migueloteo/Desktop/Software-Development/28-SDfR-FinalProject/sdfr_ws/src/ros2-introduction/src/brightness_detection.cpp:[m[K In member function â€˜[01m[Kvoid BrightnessDetection::image_callback(sensor_msgs::msg::Image_<std::allocator<void> >::ConstSharedPtr)[m[Kâ€™:
[1.585s] [01m[K/home/migueloteo/Desktop/Software-Development/28-SDfR-FinalProject/sdfr_ws/src/ros2-introduction/src/brightness_detection.cpp:52:5:[m[K [01;31m[Kerror: [m[Kâ€˜[01m[Kbrightness_status_publisher_[m[Kâ€™ was not declared in this scope
[1.585s]    52 |     [01;31m[Kbrightness_status_publisher_[m[K->publish(std::move(status_msg)); // Publish the String message
[1.585s]       |     [01;31m[K^~~~~~~~~~~~~~~~~~~~~~~~~~~~[m[K
[3.106s] gmake[2]: *** [CMakeFiles/brightness_detection.dir/build.make:76: CMakeFiles/brightness_detection.dir/src/brightness_detection.cpp.o] Error 1
[3.106s] gmake[1]: *** [CMakeFiles/Makefile2:137: CMakeFiles/brightness_detection.dir/all] Error 2
[3.106s] gmake: *** [Makefile:146: all] Error 2
[3.108s] Invoked command in '/home/migueloteo/Desktop/Software-Development/28-SDfR-FinalProject/sdfr_ws/build/ros2_introduction' returned '2': CMAKE_PREFIX_PATH=/home/migueloteo/Desktop/Software-Development/28-SDfR-FinalProject/sdfr_ws/install/image_functions_sdfr:/home/migueloteo/Desktop/Software-Development/28-SDfR-FinalProject/sdfr_ws/install/custom_msg:/home/migueloteo/Desktop/Software-Development/28-SDfR-FinalProject/sdfr_ws/install/ros2_introduction:/home/migueloteo/Desktop/Software-Development/28-SDfR-FinalProject/sdfr_ws/install/ros2_ball_detection:/opt/ros/humble /usr/bin/cmake --build /home/migueloteo/Desktop/Software-Development/28-SDfR-FinalProject/sdfr_ws/build/ros2_introduction -- -j12 -l12
