[01m[K/home/migueloteo/Desktop/Software-Development/28-SDfR-FinalProject/sdfr_ws/src/ros2_ball_detection/src/BallDetection.cpp:[m[K In member function â€˜[01m[Kcv::Mat BallDetection::detect_balls(const cv::Mat&)[m[Kâ€™:
[01m[K/home/migueloteo/Desktop/Software-Development/28-SDfR-FinalProject/sdfr_ws/src/ros2_ball_detection/src/BallDetection.cpp:81:5:[m[K [01;31m[Kerror: [m[Kâ€˜[01m[Kyour_package_name[m[Kâ€™ has not been declared
   81 |     [01;31m[Kyour_package_name[m[K::BoundingBox bounding_box_msg;
      |     [01;31m[K^~~~~~~~~~~~~~~~~[m[K
[01m[K/home/migueloteo/Desktop/Software-Development/28-SDfR-FinalProject/sdfr_ws/src/ros2_ball_detection/src/BallDetection.cpp:82:5:[m[K [01;31m[Kerror: [m[Kâ€˜[01m[Kbounding_box_msg[m[Kâ€™ was not declared in this scope
   82 |     [01;31m[Kbounding_box_msg[m[K.ball_found = !contours.empty(); // Check if any contours were found
      |     [01;31m[K^~~~~~~~~~~~~~~~[m[K
[01m[K/home/migueloteo/Desktop/Software-Development/28-SDfR-FinalProject/sdfr_ws/src/ros2_ball_detection/src/BallDetection.cpp:103:13:[m[K [01;31m[Kerror: [m[Kâ€˜[01m[Kpublisher[m[Kâ€™ was not declared in this scope; did you mean â€˜[01m[Kpublisher_[m[Kâ€™?
  103 |             [01;31m[Kpublisher[m[K.publish(bounding_box_msg);
      |             [01;31m[K^~~~~~~~~[m[K
      |             [32m[Kpublisher_[m[K
[01m[K/home/migueloteo/Desktop/Software-Development/28-SDfR-FinalProject/sdfr_ws/src/ros2_ball_detection/src/BallDetection.cpp:[m[K At global scope:
[01m[K/home/migueloteo/Desktop/Software-Development/28-SDfR-FinalProject/sdfr_ws/src/ros2_ball_detection/src/BallDetection.cpp:113:6:[m[K [01;31m[Kerror: [m[Kâ€˜[01m[Kball_detection[m[Kâ€™ has not been declared
  113 | void [01;31m[Kball_detection[m[K::publish_debug_image(const cv::Mat& image)
      |      [01;31m[K^~~~~~~~~~~~~~[m[K
[01m[K/home/migueloteo/Desktop/Software-Development/28-SDfR-FinalProject/sdfr_ws/src/ros2_ball_detection/src/BallDetection.cpp:[m[K In function â€˜[01m[Kvoid publish_debug_image(const cv::Mat&)[m[Kâ€™:
[01m[K/home/migueloteo/Desktop/Software-Development/28-SDfR-FinalProject/sdfr_ws/src/ros2_ball_detection/src/BallDetection.cpp:113:57:[m[K [01;35m[Kwarning: [m[Kunused parameter â€˜[01m[Kimage[m[Kâ€™ [[01;35m[K]8;;https://gcc.gnu.org/onlinedocs/gcc/Warning-Options.html#index-Wunused-parameter-Wunused-parameter]8;;[m[K]
  113 | void ball_detection::publish_debug_image([01;35m[Kconst cv::Mat& image[m[K)
      |                                          [01;35m[K~~~~~~~~~~~~~~~^~~~~[m[K
gmake[2]: *** [CMakeFiles/ball_detection.dir/build.make:76: CMakeFiles/ball_detection.dir/src/BallDetection.cpp.o] Error 1
gmake[1]: *** [CMakeFiles/Makefile2:137: CMakeFiles/ball_detection.dir/all] Error 2
gmake: *** [Makefile:146: all] Error 2
